This is pdfTeX, Version 3.14159265-2.6-1.40.20 (TeX Live 2019) (preloaded format=pdflatex 2019.8.10)  25 NOV 2020 10:35
entering extended mode
 restricted \write18 enabled.
 %&-line parsing enabled.
**cotrolled_version.tex
(./cotrolled_version.tex
LaTeX2e <2018-12-01>

! LaTeX Error: Missing \begin{document}.

See the LaTeX manual or LaTeX Companion for explanation.
Type  H <return>  for immediate help.
 ...                                              
                                                  
l.1        H
            ere we propose a SEIR structure which considers hospitalized
You're in trouble here.  Try typing  <return>  to proceed.
If that doesn't work, type  X <return>  to quit.

Missing character: There is no H in font nullfont!
Missing character: There is no e in font nullfont!
Missing character: There is no r in font nullfont!
Missing character: There is no e in font nullfont!
Missing character: There is no w in font nullfont!
Missing character: There is no e in font nullfont!
Missing character: There is no p in font nullfont!
Missing character: There is no r in font nullfont!
Missing character: There is no o in font nullfont!
Missing character: There is no p in font nullfont!
Missing character: There is no o in font nullfont!
Missing character: There is no s in font nullfont!
Missing character: There is no e in font nullfont!
Missing character: There is no a in font nullfont!
Missing character: There is no S in font nullfont!
Missing character: There is no E in font nullfont!
Missing character: There is no I in font nullfont!
Missing character: There is no R in font nullfont!
Missing character: There is no s in font nullfont!
Missing character: There is no t in font nullfont!
Missing character: There is no r in font nullfont!
Missing character: There is no u in font nullfont!
Missing character: There is no c in font nullfont!
Missing character: There is no t in font nullfont!
Missing character: There is no u in font nullfont!
Missing character: There is no r in font nullfont!
Missing character: There is no e in font nullfont!
Missing character: There is no w in font nullfont!
Missing character: There is no h in font nullfont!
Missing character: There is no i in font nullfont!
Missing character: There is no c in font nullfont!
Missing character: There is no h in font nullfont!
Missing character: There is no c in font nullfont!
Missing character: There is no o in font nullfont!
Missing character: There is no n in font nullfont!
Missing character: There is no s in font nullfont!
Missing character: There is no i in font nullfont!
Missing character: There is no d in font nullfont!
Missing character: There is no e in font nullfont!
Missing character: There is no r in font nullfont!
Missing character: There is no s in font nullfont!
Missing character: There is no h in font nullfont!
Missing character: There is no o in font nullfont!
Missing character: There is no s in font nullfont!
Missing character: There is no p in font nullfont!
Missing character: There is no i in font nullfont!
Missing character: There is no t in font nullfont!
Missing character: There is no a in font nullfont!
Missing character: There is no l in font nullfont!
Missing character: There is no i in font nullfont!
Missing character: There is no z in font nullfont!
Missing character: There is no e in font nullfont!
Missing character: There is no d in font nullfont!
Missing character: There is no c in font nullfont!
Missing character: There is no o in font nullfont!
Missing character: There is no m in font nullfont!
Missing character: There is no p in font nullfont!
Missing character: There is no a in font nullfont!
Missing character: There is no r in font nullfont!
Missing character: There is no t in font nullfont!
Missing character: There is no m in font nullfont!
Missing character: There is no e in font nullfont!
Missing character: There is no n in font nullfont!
Missing character: There is no t in font nullfont!
LaTeX Font Info:    External font `cmex10' loaded for size
(Font)              <7> on input line 2.
LaTeX Font Info:    External font `cmex10' loaded for size
(Font)              <5> on input line 2.
Missing character: There is no . in font nullfont!
Missing character: There is no T in font nullfont!
Missing character: There is no o in font nullfont!
Missing character: There is no o in font nullfont!
Missing character: There is no v in font nullfont!
Missing character: There is no e in font nullfont!
Missing character: There is no r in font nullfont!
Missing character: There is no c in font nullfont!
Missing character: There is no o in font nullfont!
Missing character: There is no m in font nullfont!
Missing character: There is no e in font nullfont!
Missing character: There is no s in font nullfont!
Missing character: There is no t in font nullfont!
Missing character: There is no a in font nullfont!
Missing character: There is no b in font nullfont!
Missing character: There is no i in font nullfont!
Missing character: There is no l in font nullfont!
Missing character: There is no i in font nullfont!
Missing character: There is no t in font nullfont!
Missing character: There is no y in font nullfont!
Missing character: There is no i in font nullfont!
Missing character: There is no s in font nullfont!
Missing character: There is no s in font nullfont!
Missing character: There is no u in font nullfont!
Missing character: There is no e in font nullfont!
Missing character: There is no s in font nullfont!
Missing character: There is no w in font nullfont!
Missing character: There is no e in font nullfont!
Missing character: There is no a in font nullfont!
Missing character: There is no l in font nullfont!
Missing character: There is no s in font nullfont!
Missing character: There is no o in font nullfont!
Missing character: There is no c in font nullfont!
Missing character: There is no o in font nullfont!
Missing character: There is no n in font nullfont!
Missing character: There is no s in font nullfont!
Missing character: There is no i in font nullfont!
Missing character: There is no d in font nullfont!
Missing character: There is no e in font nullfont!
Missing character: There is no r in font nullfont!
Missing character: There is no v in font nullfont!
Missing character: There is no i in font nullfont!
Missing character: There is no t in font nullfont!
Missing character: There is no a in font nullfont!
Missing character: There is no l in font nullfont!
Missing character: There is no d in font nullfont!
Missing character: There is no y in font nullfont!
Missing character: There is no n in font nullfont!
Missing character: There is no a in font nullfont!
Missing character: There is no m in font nullfont!
Missing character: There is no i in font nullfont!
Missing character: There is no c in font nullfont!
Missing character: There is no s in font nullfont!
Missing character: There is no . in font nullfont!

Overfull \hbox (20.0pt too wide) in paragraph at lines 1--4
[]
 []


Overfull \hbox (9.12497pt too wide) in paragraph at lines 1--4
\OML/cmm/m/it/10 H$
 []


! LaTeX Error: Environment aligned undefined.

See the LaTeX manual or LaTeX Companion for explanation.
Type  H <return>  for immediate help.
 ...                                              
                                                  
l.6         \begin{aligned}
                           
Your command was ignored.
Type  I <command> <return>  to replace it with another command,
or  <return>  to continue without it.

! Misplaced alignment tab character &.
l.7             \min_{u \in \mathcal{U}} J(u) &
                                                :=
I can't figure out why you would want to use a tab mark
here. If you just want an ampersand, the remedy is
simple: Just type `I\&' now. But if some right brace
up above has ended a previous alignment prematurely,
you're probably due for more error messages, and you
might try typing `S' now just to see what is salvageable.

! Undefined control sequence.
<recently read> \text 
                      
l.21             \text
                      {s. t.} &
The control sequence at the end of the top line
of your error message was never \def'ed. If you have
misspelled it (e.g., `\hobx'), type `I' and the correct
spelling (e.g., `I\hbox'). Otherwise just continue,
and I'll forget about whatever was undefined.

! Misplaced alignment tab character &.
l.21             \text{s. t.} &
                               
I can't figure out why you would want to use a tab mark
here. If you just want an ampersand, the remedy is
simple: Just type `I\&' now. But if some right brace
up above has ended a previous alignment prematurely,
you're probably due for more error messages, and you
might try typing `S' now just to see what is salvageable.

! Misplaced alignment tab character &.
l.23             L' &
                      =  \theta \mu N^{\star}
I can't figure out why you would want to use a tab mark
here. If you just want an ampersand, the remedy is
simple: Just type `I\&' now. But if some right brace
up above has ended a previous alignment prematurely,
you're probably due for more error messages, and you
might try typing `S' now just to see what is salvageable.

! Misplaced alignment tab character &.
l.26             S' &
                      =
I can't figure out why you would want to use a tab mark
here. If you just want an ampersand, the remedy is
simple: Just type `I\&' now. But if some right brace
up above has ended a previous alignment prematurely,
you're probably due for more error messages, and you
might try typing `S' now just to see what is salvageable.

! Misplaced alignment tab character &.
<recently read> &
                 
l.32                 &
                       \qquad -
I can't figure out why you would want to use a tab mark
here. If you just want an ampersand, the remedy is
simple: Just type `I\&' now. But if some right brace
up above has ended a previous alignment prematurely,
you're probably due for more error messages, and you
might try typing `S' now just to see what is salvageable.

! Misplaced alignment tab character &.
l.37             E' &
                     =
I can't figure out why you would want to use a tab mark
here. If you just want an ampersand, the remedy is
simple: Just type `I\&' now. But if some right brace
up above has ended a previous alignment prematurely,
you're probably due for more error messages, and you
might try typing `S' now just to see what is salvageable.

! Misplaced alignment tab character &.
l.41             I_S' &
                       =
I can't figure out why you would want to use a tab mark
here. If you just want an ampersand, the remedy is
simple: Just type `I\&' now. But if some right brace
up above has ended a previous alignment prematurely,
you're probably due for more error messages, and you
might try typing `S' now just to see what is salvageable.

! Misplaced alignment tab character &.
l.50             I_A' &
                       =
I can't figure out why you would want to use a tab mark
here. If you just want an ampersand, the remedy is
simple: Just type `I\&' now. But if some right brace
up above has ended a previous alignment prematurely,
you're probably due for more error messages, and you
might try typing `S' now just to see what is salvageable.

! Misplaced alignment tab character &.
l.56             H' &
                     =
I can't figure out why you would want to use a tab mark
here. If you just want an ampersand, the remedy is
simple: Just type `I\&' now. But if some right brace
up above has ended a previous alignment prematurely,
you're probably due for more error messages, and you
might try typing `S' now just to see what is salvageable.

! Misplaced alignment tab character &.
l.59             R'  &
                      =
I can't figure out why you would want to use a tab mark
here. If you just want an ampersand, the remedy is
simple: Just type `I\&' now. But if some right brace
up above has ended a previous alignment prematurely,
you're probably due for more error messages, and you
might try typing `S' now just to see what is salvageable.

! Misplaced alignment tab character &.
l.65             D' &
                     =
I can't figure out why you would want to use a tab mark
here. If you just want an ampersand, the remedy is
simple: Just type `I\&' now. But if some right brace
up above has ended a previous alignment prematurely,
you're probably due for more error messages, and you
might try typing `S' now just to see what is salvageable.

! Misplaced alignment tab character &.
l.68             V' &
                     =
I can't figure out why you would want to use a tab mark
here. If you just want an ampersand, the remedy is
simple: Just type `I\&' now. But if some right brace
up above has ended a previous alignment prematurely,
you're probably due for more error messages, and you
might try typing `S' now just to see what is salvageable.

! Misplaced alignment tab character &.
l.78             	&
                   =
I can't figure out why you would want to use a tab mark
here. If you just want an ampersand, the remedy is
simple: Just type `I\&' now. But if some right brace
up above has ended a previous alignment prematurely,
you're probably due for more error messages, and you
might try typing `S' now just to see what is salvageable.

! Misplaced alignment tab character &.
l.85             	&
                    = p \kappa E
I can't figure out why you would want to use a tab mark
here. If you just want an ampersand, the remedy is
simple: Just type `I\&' now. But if some right brace
up above has ended a previous alignment prematurely,
you're probably due for more error messages, and you
might try typing `S' now just to see what is salvageable.

! Misplaced alignment tab character &.
l.87             \lambda &
                          :=
I can't figure out why you would want to use a tab mark
here. If you just want an ampersand, the remedy is
simple: Just type `I\&' now. But if some right brace
up above has ended a previous alignment prematurely,
you're probably due for more error messages, and you
might try typing `S' now just to see what is salvageable.

! Misplaced alignment tab character &.
l.91        L(0) &
                  = L_0, \ S(0) = S_0, \ E(0) = E_0, \ I_S(0) = I_{S_{0}},
I can't figure out why you would want to use a tab mark
here. If you just want an ampersand, the remedy is
simple: Just type `I\&' now. But if some right brace
up above has ended a previous alignment prematurely,
you're probably due for more error messages, and you
might try typing `S' now just to see what is salvageable.

! Misplaced alignment tab character &.
l.93       I_A(0) &
                   = I_{A_{0}},
I can't figure out why you would want to use a tab mark
here. If you just want an ampersand, the remedy is
simple: Just type `I\&' now. But if some right brace
up above has ended a previous alignment prematurely,
you're probably due for more error messages, and you
might try typing `S' now just to see what is salvageable.

! Misplaced alignment tab character &.
l.97       V(0) &
                 = 0, \ X_{vac}(0) = 0, \quad
I can't figure out why you would want to use a tab mark
here. If you just want an ampersand, the remedy is
simple: Just type `I\&' now. But if some right brace
up above has ended a previous alignment prematurely,
you're probably due for more error messages, and you
might try typing `S' now just to see what is salvageable.

! Misplaced alignment tab character &.
l.100       X_{vac}(T) &
                        = x_{coverage},
I can't figure out why you would want to use a tab mark
here. If you just want an ampersand, the remedy is
simple: Just type `I\&' now. But if some right brace
up above has ended a previous alignment prematurely,
you're probably due for more error messages, and you
might try typing `S' now just to see what is salvageable.

! Misplaced alignment tab character &.
l.104             N^{\star}(t) &
                                =
I can't figure out why you would want to use a tab mark
here. If you just want an ampersand, the remedy is
simple: Just type `I\&' now. But if some right brace
up above has ended a previous alignment prematurely,
you're probably due for more error messages, and you
might try typing `S' now just to see what is salvageable.


! LaTeX Error: \begin{equation} on input line 4 ended by \end{aligned}.

See the LaTeX manual or LaTeX Companion for explanation.
Type  H <return>  for immediate help.
 ...                                              
                                                  
l.107         \end{aligned}
                           
Your command was ignored.
Type  I <command> <return>  to replace it with another command,
or  <return>  to continue without it.


Overfull \hbox (2868.49432pt too wide) detected at line 108
[][] \OML/cmm/m/it/10 J\OT1/cmr/m/n/10 (\OML/cmm/m/it/10 u\OT1/cmr/m/n/10 ) := 
[][][[] \OML/cmm/m/it/10 I[]\OT1/cmr/m/n/10 (\OML/cmm/m/it/10 r\OT1/cmr/m/n/10 
) + \OML/cmm/m/it/10 a[]p^^TE\OT1/cmr/m/n/10 (\OML/cmm/m/it/10 r\OT1/cmr/m/n/10
 )] \OML/cmm/m/it/10 dr[] [][] L[] \OT1/cmr/m/n/10 = \OML/cmm/m/it/10 ^^R^^VN[]
 \OMS/cmsy/m/n/10 ^^@ \OML/cmm/m/it/10 ^^O^^UL \OMS/cmsy/m/n/10 ^^@ \OML/cmm/m/
it/10 u[]\OT1/cmr/m/n/10 (\OML/cmm/m/it/10 t\OT1/cmr/m/n/10 )\OML/cmm/m/it/10 L
 \OMS/cmsy/m/n/10 ^^@ \OML/cmm/m/it/10 ^^VL[] S[] \OT1/cmr/m/n/10 = (1 \OMS/cms
y/m/n/10 ^^@ \OML/cmm/m/it/10 ^^R\OT1/cmr/m/n/10 )\OML/cmm/m/it/10 ^^VN[] \OT1/
cmr/m/n/10 + \OML/cmm/m/it/10 u[]\OT1/cmr/m/n/10 (\OML/cmm/m/it/10 t\OT1/cmr/m/
n/10 )\OML/cmm/m/it/10 L \OT1/cmr/m/n/10 + \OML/cmm/m/it/10 ^^N[]V \OT1/cmr/m/n
/10 + \OML/cmm/m/it/10 ^^N[]R[]   \OMS/cmsy/m/n/10 ^^@ [] \OML/cmm/m/it/10 S[] 
E[] \OT1/cmr/m/n/10 = \OML/cmm/m/it/10 ^^U\OT1/cmr/m/n/10 (\OML/cmm/m/it/10 ^^O
L \OT1/cmr/m/n/10 + (1 \OMS/cmsy/m/n/10 ^^@ \OML/cmm/m/it/10 "\OT1/cmr/m/n/10 )
\OML/cmm/m/it/10 V \OT1/cmr/m/n/10 + \OML/cmm/m/it/10 S\OT1/cmr/m/n/10 ) \OMS/c
msy/m/n/10 ^^@ \OT1/cmr/m/n/10 (\OML/cmm/m/it/10 ^^T \OT1/cmr/m/n/10 + \OML/cmm
/m/it/10 ^^V\OT1/cmr/m/n/10 )\OML/cmm/m/it/10 E[] I[] \OT1/cmr/m/n/10 = \OML/cm
m/m/it/10 p^^TE \OMS/cmsy/m/n/10 ^^@ \OT1/cmr/m/n/10 (\OML/cmm/m/it/10 ^^M[] \O
T1/cmr/m/n/10 + \OML/cmm/m/it/10 ^^V[] \OT1/cmr/m/n/10 + \OML/cmm/m/it/10 ^^N[]
 \OT1/cmr/m/n/10 + \OML/cmm/m/it/10 ^^V\OT1/cmr/m/n/10 )\OML/cmm/m/it/10 I[][] 
I[] \OT1/cmr/m/n/10 = (1 \OMS/cmsy/m/n/10 ^^@ \OML/cmm/m/it/10 p\OT1/cmr/m/n/10
 )\OML/cmm/m/it/10 ^^TE \OMS/cmsy/m/n/10 ^^@ \OT1/cmr/m/n/10 (\OML/cmm/m/it/10 
^^M[] \OT1/cmr/m/n/10 + \OML/cmm/m/it/10 ^^V\OT1/cmr/m/n/10 )\OML/cmm/m/it/10 I
[][] H[] \OT1/cmr/m/n/10 = \OML/cmm/m/it/10 ^^N[]I[] \OMS/cmsy/m/n/10 ^^@ \OT1/
cmr/m/n/10 (\OML/cmm/m/it/10 ^^M[] \OT1/cmr/m/n/10 + \OML/cmm/m/it/10 ^^V[] \OT
1/cmr/m/n/10 + \OML/cmm/m/it/10 ^^V\OT1/cmr/m/n/10 )\OML/cmm/m/it/10 H[] R[] \O
T1/cmr/m/n/10 = \OML/cmm/m/it/10 ^^M[]I[] \OT1/cmr/m/n/10 + \OML/cmm/m/it/10 ^^
M[]I[] \OT1/cmr/m/n/10 + \OML/cmm/m/it/10 ^^M[]H \OMS/cmsy/m/n/10 ^^@ \OT1/cmr/
m/n/10 (\OML/cmm/m/it/10 ^^N[] \OT1/cmr/m/n/10 + \OML/cmm/m/it/10 ^^V\OT1/cmr/m
/n/10 )\OML/cmm/m/it/10 R[] D[] \OT1/cmr/m/n/10 = \OML/cmm/m/it/10 ^^V[]I[] \OT
1/cmr/m/n/10 + \OML/cmm/m/it/10 ^^V[]H[] V[] \OT1/cmr/m/n/10 = (\OML/cmm/m/it/1
0 ^^U[] \OT1/cmr/m/n/10 + \OML/cmm/m/it/10 u[]\OT1/cmr/m/n/10 (\OML/cmm/m/it/10
 t\OT1/cmr/m/n/10 ))\OML/cmm/m/it/10 S \OMS/cmsy/m/n/10 ^^@ [] \OML/cmm/m/it/10
 V[] [] [] \OT1/cmr/m/n/10 = (\OML/cmm/m/it/10 u[]\OT1/cmr/m/n/10 (\OML/cmm/m/i
t/10 t\OT1/cmr/m/n/10 ) + \OML/cmm/m/it/10 ^^U[]\OT1/cmr/m/n/10 ) [] [] [] = \O
ML/cmm/m/it/10 p^^TE[] ^^U \OT1/cmr/m/n/10 := [][] [] \OML/cmm/m/it/10 L\OT1/cm
r/m/n/10 (0) = \OML/cmm/m/it/10 L[];  S\OT1/cmr/m/n/10 (0) = \OML/cmm/m/it/10 S
[];  E\OT1/cmr/m/n/10 (0) = \OML/cmm/m/it/10 E[];  I[]\OT1/cmr/m/n/10 (0) = \OM
L/cmm/m/it/10 I[]; [] I[]\OT1/cmr/m/n/10 (0) = \OML/cmm/m/it/10 I[]; H\OT1/cmr/
m/n/10 (0) = \OML/cmm/m/it/10 H[];   R\OT1/cmr/m/n/10 (0) = \OML/cmm/m/it/10 R[
];  D\OT1/cmr/m/n/10 (0) = \OML/cmm/m/it/10 D[]; [] V\OT1/cmr/m/n/10 (0) = 0\OM
L/cmm/m/it/10 ;  X[]\OT1/cmr/m/n/10 (0) = 0\OML/cmm/m/it/10 ;  u[]\OT1/cmr/m/n/
10 (\OML/cmm/m/it/10 :\OT1/cmr/m/n/10 ) \OMS/cmsy/m/n/10 2 \OT1/cmr/m/n/10 [\OM
L/cmm/m/it/10 u[]; u[]\OT1/cmr/m/n/10 ]\OML/cmm/m/it/10 ; [] X[]\OT1/cmr/m/n/10
 (\OML/cmm/m/it/10 T\OT1/cmr/m/n/10 ) = \OML/cmm/m/it/10 x[];  ^^TI[]\OT1/cmr/m
/n/10 (\OML/cmm/m/it/10 t\OT1/cmr/m/n/10 ) \OMS/cmsy/m/n/10 ^^T \OML/cmm/m/it/1
0 B;  \OMS/cmsy/m/n/10 8\OML/cmm/m/it/10 t \OMS/cmsy/m/n/10 2 \OT1/cmr/m/n/10 [
0\OML/cmm/m/it/10 ; T\OT1/cmr/m/n/10 ]\OML/cmm/m/it/10 ; [] N[]\OT1/cmr/m/n/10 
(\OML/cmm/m/it/10 t\OT1/cmr/m/n/10 ) = \OML/cmm/m/it/10 L \OT1/cmr/m/n/10 + \OM
L/cmm/m/it/10 S \OT1/cmr/m/n/10 + \OML/cmm/m/it/10 E \OT1/cmr/m/n/10 + \OML/cmm
/m/it/10 I[] \OT1/cmr/m/n/10 + \OML/cmm/m/it/10 I[] \OT1/cmr/m/n/10 + \OML/cmm/
m/it/10 H \OT1/cmr/m/n/10 + \OML/cmm/m/it/10 R \OT1/cmr/m/n/10 + \OML/cmm/m/it/
10 V
 []

)
! Emergency stop.
<*> cotrolled_version.tex
                         
*** (job aborted, no legal \end found)

 
Here is how much of TeX's memory you used:
 10 strings out of 492623
 213 string characters out of 6129552
 61410 words of memory out of 5000000
 4023 multiletter control sequences out of 15000+600000
 3640 words of font info for 14 fonts, out of 8000000 for 9000
 1141 hyphenation exceptions out of 8191
 18i,3n,12p,108b,81s stack positions out of 5000i,500n,10000p,200000b,80000s
!  ==> Fatal error occurred, no output PDF file produced!
